<?xml version="1.0" encoding="UTF-8"?>
<!-- Generated by org.testng.reporters.JUnitXMLReporter -->
<testsuite ignored="1" hostname="DESKTOP-JS1FIIV" failures="0" tests="2" name="Default test" time="69.19" errors="0" timestamp="29 Nov 2017 11:29:10 GMT">
  <testcase classname="test.NextStepTest" name="register" time="26.15"/>
  <testcase classname="test.NextStepTest" name="login" time="25.286"/>
  <testcase classname="test.NextStepTest" name="resetPassword" time="0.0">
    <ignored/>
  </testcase> <!-- resetPassword -->
</testsuite> <!-- Default test -->
